[12345<-58721] JOIN 10001
[New Dstore 10001 12345<-58721]
[12345<-58722] JOIN 10002
[New Dstore 10002 12345<-58722]
[12345<-58728] STORE sonofabeach.txt 13
[12345<-58731] STORE F1(1).txt 12
[12345<-58730] STORE da_COURSEWORK_3.txt 1217
[12345<-58734] STORE F1(4).txt 18
[12345<-58735] STORE sonofabeach.txt 13
[12345->58730] STORE_TO 10002 10001
[12345<-58729] STORE DA_dSTORE_1.txt 2657490
[12345->58735] ERROR_FILE_ALREADY_EXISTS
[12345->58734] STORE_TO 10002 10001
[12345<-58733] STORE F1(7).txt 13
[12345<-58722] STORE_ACK da_COURSEWORK_3.txt
[12345<-58735] STORE F1(4).txt 18
[12345->58728] STORE_TO 10002 10001
[12345<-58727] STORE daAdult.txt 18
[12345->58731] STORE_TO 10002 10001
[12345->58729] STORE_TO 10002 10001
[12345->58735] ERROR_FILE_ALREADY_EXISTS
[12345<-58721] STORE_ACK da_COURSEWORK_3.txt
[12345<-58732] STORE bazinga_2.txt 12
[12345<-58722] STORE_ACK F1(4).txt
[12345->58733] STORE_TO 10002 10001
[12345<-58735] STORE F1(6).txt 9
[12345<-58736] STORE DA_dSTORE_1.txt 2657490
[12345->58727] STORE_TO 10002 10001
[12345->58730] STORE_COMPLETE
[12345->58736] ERROR_FILE_ALREADY_EXISTS
[12345->58732] STORE_TO 10002 10001
[12345<-58730] STORE daAdult.txt 18
[12345->58735] STORE_TO 10002 10001
[12345<-58722] STORE_ACK sonofabeach.txt
[12345<-58721] STORE_ACK F1(4).txt
[12345->58734] STORE_COMPLETE
[12345<-58736] STORE F1(1).txt 12
[12345->58730] ERROR_FILE_ALREADY_EXISTS
[12345->58736] ERROR_FILE_ALREADY_EXISTS
[12345<-58721] STORE_ACK sonofabeach.txt
[12345<-58734] STORE F1(3).txt 2657490
[12345<-58722] STORE_ACK F1(1).txt
[12345<-58722] STORE_ACK DA_dSTORE_1.txt
[12345->58728] STORE_COMPLETE
[12345<-58730] STORE sonofabeach.txt 13
[12345<-58721] STORE_ACK F1(1).txt
[12345->58734] STORE_TO 10002 10001
[12345<-58728] STORE less_go.txt 9
[12345<-58722] STORE_ACK F1(7).txt
[12345<-58736] STORE dababy.txt 15
[12345->58731] STORE_COMPLETE
[12345<-58721] STORE_ACK DA_dSTORE_1.txt
[12345<-58722] STORE_ACK daAdult.txt
[12345<-58731] STORE F1(5).txt 15
[12345->58730] ERROR_FILE_ALREADY_EXISTS
[12345->58736] STORE_TO 10002 10001
[12345->58729] STORE_COMPLETE
[12345<-58721] STORE_ACK F1(7).txt
[12345->58728] STORE_TO 10002 10001
[12345<-58722] STORE_ACK bazinga_2.txt
[12345<-58730] STORE daAdult.txt 18
[12345<-58729] STORE sonofabeach.txt 13
[12345->58731] STORE_TO 10002 10001
[12345<-58722] STORE_ACK F1(6).txt
[12345->58730] ERROR_FILE_ALREADY_EXISTS
[12345->58729] ERROR_FILE_ALREADY_EXISTS
[12345->58733] STORE_COMPLETE
[12345<-58722] STORE_ACK F1(3).txt
[12345<-58721] STORE_ACK daAdult.txt
[12345<-58730] LIST
[12345->58727] STORE_COMPLETE
[12345<-58721] STORE_ACK bazinga_2.txt
[12345<-58729] STORE F1(2).txt 1217
[12345<-58722] STORE_ACK dababy.txt
[12345<-58733] STORE sonofabeach.txt 13
[12345->58732] STORE_COMPLETE
[12345->58729] STORE_TO 10002 10001
[12345->58730] LIST daAdult.txt da_COURSEWORK_3.txt F1(1).txt F1(4).txt sonofabeach.txt F1(7).txt DA_dSTORE_1.txt
[12345->58733] ERROR_FILE_ALREADY_EXISTS
[12345<-58721] STORE_ACK F1(6).txt
[12345<-58727] STORE bazinga_2.txt 12
[12345<-58732] STORE bazinga_2.txt 12
[12345->58732] ERROR_FILE_ALREADY_EXISTS
[12345->58735] STORE_COMPLETE
[12345<-58721] STORE_ACK F1(3).txt
[12345<-58733] STORE sonofabeach.txt 13
[12345<-58722] STORE_ACK less_go.txt
[12345<-58735] STORE F1(5).txt 15
[12345->58733] ERROR_FILE_ALREADY_EXISTS
[12345->58727] ERROR_FILE_ALREADY_EXISTS
[12345->58735] ERROR_FILE_ALREADY_EXISTS
[12345->58734] STORE_COMPLETE
[12345<-58732] STORE da_COURSEWORK_3.txt 1217
[12345<-58721] STORE_ACK dababy.txt
[12345<-58730] LOAD daAdult.txt
[12345->58732] ERROR_FILE_ALREADY_EXISTS
[12345<-58733] STORE F1(2).txt 1217
[12345<-58734] STORE F1(3).txt 2657490
[12345->58736] STORE_COMPLETE
[12345<-58722] STORE_ACK F1(5).txt
[12345<-58721] STORE_ACK less_go.txt
[12345->58733] ERROR_FILE_ALREADY_EXISTS
[12345<-58727] STORE bazinga_2.txt 12
[12345<-58736] STORE F1(1).txt 12
[12345->58730] LOAD_FROM 10002 18
[12345<-58735] LIST
[12345<-58732] STORE F1(6).txt 9
[12345->58727] ERROR_FILE_ALREADY_EXISTS
[12345<-58733] LIST
[12345->58728] STORE_COMPLETE
[12345<-58730] LOAD da_COURSEWORK_3.txt
[12345->58734] ERROR_FILE_ALREADY_EXISTS
[12345<-58721] STORE_ACK F1(5).txt
[12345<-58727] STORE F1(7).txt 13
[12345<-58734] STORE F1(3).txt 2657490
[12345->58732] ERROR_FILE_ALREADY_EXISTS
[12345<-58728] STORE dababy.txt 15
[12345->58736] ERROR_FILE_ALREADY_EXISTS
[12345<-58736] LIST
[12345<-58732] LIST
[12345->58727] ERROR_FILE_ALREADY_EXISTS
[12345->58731] STORE_COMPLETE
[12345<-58721] STORE_ACK F1(2).txt
[12345->58730] LOAD_FROM 10002 1217
[12345->58728] ERROR_FILE_ALREADY_EXISTS
[12345->58734] ERROR_FILE_ALREADY_EXISTS
[12345<-58727] LIST
[12345<-58722] STORE_ACK F1(2).txt
[12345<-58734] LIST
[12345<-58728] STORE F1(2).txt 1217
[12345<-58731] STORE F1(7).txt 13
[12345<-58730] LOAD F1(1).txt
[12345->58728] ERROR_FILE_ALREADY_EXISTS
[12345->58731] ERROR_FILE_ALREADY_EXISTS
[12345->58730] LOAD_FROM 10002 12
[12345<-58728] LIST
[12345<-58731] STORE F1(4).txt 18
[12345<-58730] LOAD F1(4).txt
[12345->58731] ERROR_FILE_ALREADY_EXISTS
[12345->58729] STORE_COMPLETE
[12345->58733] LIST F1(5).txt daAdult.txt da_COURSEWORK_3.txt F1(1).txt F1(4).txt sonofabeach.txt bazinga_2.txt F1(7).txt less_go.txt F1(6).txt F1(3).txt dababy.txt DA_dSTORE_1.txt
[12345<-58731] LIST
[12345<-58733] LOAD F1(5).txt
[12345->58730] LOAD_FROM 10002 18
[12345<-58729] STORE F1(7).txt 13
[12345->58732] LIST F1(5).txt daAdult.txt F1(2).txt da_COURSEWORK_3.txt F1(1).txt F1(4).txt sonofabeach.txt bazinga_2.txt F1(7).txt less_go.txt F1(6).txt F1(3).txt dababy.txt DA_dSTORE_1.txt
[12345<-58730] LOAD sonofabeach.txt
[12345->58736] LIST F1(5).txt daAdult.txt F1(2).txt da_COURSEWORK_3.txt F1(1).txt F1(4).txt sonofabeach.txt bazinga_2.txt F1(7).txt less_go.txt F1(6).txt F1(3).txt dababy.txt DA_dSTORE_1.txt
[12345->58727] LIST F1(5).txt daAdult.txt F1(2).txt da_COURSEWORK_3.txt F1(1).txt F1(4).txt sonofabeach.txt bazinga_2.txt F1(7).txt less_go.txt F1(6).txt F1(3).txt dababy.txt DA_dSTORE_1.txt
[12345->58733] LOAD_FROM 10002 15
[12345->58730] LOAD_FROM 10002 13
[12345->58734] LIST F1(5).txt daAdult.txt F1(2).txt da_COURSEWORK_3.txt F1(1).txt F1(4).txt sonofabeach.txt bazinga_2.txt F1(7).txt less_go.txt F1(6).txt F1(3).txt dababy.txt DA_dSTORE_1.txt
[12345<-58732] LOAD F1(5).txt
[12345<-58733] LOAD daAdult.txt
[12345<-58727] LOAD F1(5).txt
[12345<-58730] LOAD F1(7).txt
[12345->58729] ERROR_FILE_ALREADY_EXISTS
[12345<-58736] LOAD F1(5).txt
[12345<-58734] LOAD F1(5).txt
[12345->58733] LOAD_FROM 10002 18
[12345<-58729] LIST
[12345->58732] LOAD_FROM 10002 15
[12345->58727] LOAD_FROM 10002 15
[12345<-58733] LOAD da_COURSEWORK_3.txt
[12345->58728] LIST F1(5).txt daAdult.txt F1(2).txt da_COURSEWORK_3.txt F1(1).txt F1(4).txt sonofabeach.txt bazinga_2.txt F1(7).txt less_go.txt F1(6).txt F1(3).txt dababy.txt DA_dSTORE_1.txt
[12345->58734] LOAD_FROM 10002 15
[12345<-58727] LOAD daAdult.txt
[12345<-58732] LOAD daAdult.txt
[12345->58730] LOAD_FROM 10002 13
[12345<-58730] LOAD DA_dSTORE_1.txt
[12345<-58728] LOAD F1(5).txt
[12345->58736] LOAD_FROM 10002 15
[12345<-58734] LOAD daAdult.txt
[12345->58735] LIST F1(5).txt daAdult.txt F1(2).txt da_COURSEWORK_3.txt F1(1).txt F1(4).txt sonofabeach.txt bazinga_2.txt F1(7).txt less_go.txt F1(6).txt F1(3).txt dababy.txt DA_dSTORE_1.txt
[12345->58733] LOAD_FROM 10002 1217
[12345->58732] LOAD_FROM 10002 18
[12345->58727] LOAD_FROM 10002 18
[12345<-58733] LOAD F1(1).txt
[12345<-58736] LOAD daAdult.txt
[12345<-58735] LOAD F1(5).txt
[12345->58731] LIST F1(5).txt daAdult.txt F1(2).txt da_COURSEWORK_3.txt F1(1).txt F1(4).txt sonofabeach.txt bazinga_2.txt F1(7).txt less_go.txt F1(6).txt F1(3).txt dababy.txt DA_dSTORE_1.txt
[12345->58734] LOAD_FROM 10002 18
[12345->58728] LOAD_FROM 10002 15
[12345->58730] LOAD_FROM 10002 2657490
[12345<-58732] LOAD F1(2).txt
[12345<-58727] LOAD F1(2).txt
[12345<-58734] LOAD F1(2).txt
[12345<-58731] LOAD F1(5).txt
[12345<-58728] LOAD daAdult.txt
[12345->58732] LOAD_FROM 10002 1217
[12345->58733] LOAD_FROM 10002 12
[12345->58736] LOAD_FROM 10002 18
[12345<-58730] REMOVE F1(1).txt
[12345->58734] LOAD_FROM 10002 1217
[12345->58727] LOAD_FROM 10002 1217
[12345<-58732] LOAD da_COURSEWORK_3.txt
[12345<-58733] LOAD F1(4).txt
[12345->58728] LOAD_FROM 10002 18
[12345<-58736] LOAD F1(2).txt
[12345<-58730] REMOVE
[12345->58731] LOAD_FROM 10002 15
[12345->58735] LOAD_FROM 10002 15
[12345<-58734] LOAD da_COURSEWORK_3.txt
[12345<-58727] LOAD da_COURSEWORK_3.txt
[12345<-58728] LOAD F1(2).txt
[12345->58722] REMOVE F1(1).txt
[12345<-58731] LOAD daAdult.txt
[12345<-58735] LOAD daAdult.txt
[12345<-58722] REMOVE_ACK F1(1).txt
[12345->58721] REMOVE F1(1).txt
[12345->58732] LOAD_FROM 10002 1217
[12345->58733] LOAD_FROM 10002 18
[12345->58736] LOAD_FROM 10002 1217
[12345<-58721] REMOVE_ACK F1(1).txt
[12345->58727] LOAD_FROM 10002 1217
[12345<-58736] LOAD da_COURSEWORK_3.txt
[12345<-58733] LOAD sonofabeach.txt
[12345<-58732] LOAD F1(1).txt
[12345->58731] LOAD_FROM 10002 18
[12345->58734] LOAD_FROM 10002 1217
[12345<-58727] LOAD F1(1).txt
[12345<-58721] REMOVE_ACK
[12345->58728] LOAD_FROM 10002 1217
[12345<-58722] REMOVE_ACK
[12345<-58731] LOAD F1(2).txt
[12345->58732] ERROR_FILE_DOES_NOT_EXIST
[12345->58733] LOAD_FROM 10002 13
[12345->58736] LOAD_FROM 10002 1217
[12345<-58734] LOAD F1(1).txt
[12345<-58728] LOAD da_COURSEWORK_3.txt
[12345->58730] REMOVE_COMPLETE
[12345<-58736] LOAD F1(1).txt
[12345<-58733] LOAD bazinga_2.txt
[12345<-58732] LOAD F1(4).txt
[12345->58735] LOAD_FROM 10002 18
[12345->58734] ERROR_FILE_DOES_NOT_EXIST
[12345<-58730] LIST
[12345<-58735] LOAD F1(2).txt
[12345->58731] LOAD_FROM 10002 1217
[12345->58732] LOAD_FROM 10002 18
[12345->58733] LOAD_FROM 10002 12
[12345->58736] ERROR_FILE_DOES_NOT_EXIST
[12345->58728] LOAD_FROM 10002 1217
[12345->58727] ERROR_FILE_DOES_NOT_EXIST
[12345<-58734] LOAD F1(4).txt
[12345<-58731] LOAD da_COURSEWORK_3.txt
[12345<-58736] LOAD F1(4).txt
[12345<-58727] LOAD F1(4).txt
[12345->58734] LOAD_FROM 10002 18
[12345<-58728] LOAD F1(1).txt
[12345->58731] LOAD_FROM 10002 1217
[12345->58736] LOAD_FROM 10002 18
[12345->58727] LOAD_FROM 10002 18
[12345->58735] LOAD_FROM 10002 1217
[12345<-58732] LOAD sonofabeach.txt
[12345<-58733] LOAD F1(7).txt
[12345->58728] ERROR_FILE_DOES_NOT_EXIST
[12345<-58734] LOAD sonofabeach.txt
[12345<-58731] LOAD F1(1).txt
[12345->58732] LOAD_FROM 10002 13
[12345<-58736] LOAD sonofabeach.txt
[12345->58733] LOAD_FROM 10002 13
[12345->58729] LIST F1(5).txt daAdult.txt F1(2).txt da_COURSEWORK_3.txt F1(4).txt sonofabeach.txt bazinga_2.txt F1(7).txt less_go.txt F1(6).txt F1(3).txt dababy.txt DA_dSTORE_1.txt
[12345<-58728] LOAD F1(4).txt
[12345<-58727] LOAD sonofabeach.txt
[12345<-58735] LOAD da_COURSEWORK_3.txt
[12345->58730] LIST F1(5).txt daAdult.txt F1(2).txt da_COURSEWORK_3.txt F1(4).txt sonofabeach.txt bazinga_2.txt F1(7).txt less_go.txt F1(6).txt F1(3).txt dababy.txt DA_dSTORE_1.txt
[12345->58731] ERROR_FILE_DOES_NOT_EXIST
[12345->58736] LOAD_FROM 10002 13
[12345->58734] LOAD_FROM 10002 13
[12345->58735] LOAD_FROM 10002 1217
[12345->58728] LOAD_FROM 10002 18
[12345->58727] LOAD_FROM 10002 13
[12345<-58731] LOAD F1(4).txt
[12345->58731] LOAD_FROM 10002 18
[12345<-58733] LOAD less_go.txt
[12345->58733] LOAD_FROM 10002 9
[12345<-58734] LOAD bazinga_2.txt
[12345->58734] LOAD_FROM 10002 12
[12345<-58735] LOAD F1(1).txt
[12345<-58728] LOAD sonofabeach.txt
[12345<-58727] LOAD bazinga_2.txt
[12345->58735] ERROR_FILE_DOES_NOT_EXIST
[12345<-58732] LOAD bazinga_2.txt
[12345->58732] LOAD_FROM 10002 12
[12345<-58731] LOAD sonofabeach.txt
[12345->58728] LOAD_FROM 10002 13
[12345->58727] LOAD_FROM 10002 12
[12345<-58735] LOAD F1(4).txt
[12345->58731] LOAD_FROM 10002 13
[12345<-58736] LOAD bazinga_2.txt
[12345<-58729] LOAD F1(5).txt
[12345->58735] LOAD_FROM 10002 18
[12345->58736] LOAD_FROM 10002 12
[12345<-58733] LOAD F1(6).txt
[12345->58729] LOAD_FROM 10002 15
[12345<-58728] LOAD bazinga_2.txt
[12345<-58730] null
[12345<-58727] LOAD F1(7).txt
[12345<-58734] LOAD F1(7).txt
[12345->58733] LOAD_FROM 10002 9
[12345<-58731] LOAD bazinga_2.txt
[12345<-58735] LOAD sonofabeach.txt
[12345->58728] LOAD_FROM 10002 12
[12345<-58729] LOAD daAdult.txt
[12345<-58732] LOAD F1(7).txt
[12345<-58733] LOAD F1(3).txt
[12345<-58736] LOAD F1(7).txt
[12345->58735] LOAD_FROM 10002 13
[12345<-58728] LOAD F1(7).txt
[12345->58731] LOAD_FROM 10002 12
[12345->58727] LOAD_FROM 10002 13
[12345->58729] LOAD_FROM 10002 18
[12345<-58735] LOAD bazinga_2.txt
[12345->58728] LOAD_FROM 10002 13
[12345->58732] LOAD_FROM 10002 13
[12345<-58729] LOAD F1(2).txt
[12345<-58731] LOAD F1(7).txt
[12345->58733] LOAD_FROM 10002 2657490
[12345->58734] LOAD_FROM 10002 13
[12345->58736] LOAD_FROM 10002 13
[12345<-58727] LOAD less_go.txt
[12345->58735] LOAD_FROM 10002 12
[12345<-58732] LOAD less_go.txt
[12345<-58728] LOAD less_go.txt
[12345<-58736] LOAD less_go.txt
[12345->58729] LOAD_FROM 10002 1217
[12345<-58735] LOAD F1(7).txt
[12345<-58733] LOAD dababy.txt
[12345->58731] LOAD_FROM 10002 13
[12345<-58734] LOAD less_go.txt
[12345->58732] LOAD_FROM 10002 9
[12345<-58729] LOAD da_COURSEWORK_3.txt
[12345<-58731] LOAD less_go.txt
[12345->58733] LOAD_FROM 10002 15
[12345->58728] LOAD_FROM 10002 9
[12345<-58732] LOAD F1(6).txt
[12345->58736] LOAD_FROM 10002 9
[12345->58735] LOAD_FROM 10002 13
[12345<-58728] LOAD F1(6).txt
[12345<-58733] LOAD DA_dSTORE_1.txt
[12345->58727] LOAD_FROM 10002 9
[12345<-58736] LOAD F1(6).txt
[12345->58729] LOAD_FROM 10002 1217
[12345<-58735] LOAD less_go.txt
[12345->58731] LOAD_FROM 10002 9
[12345->58734] LOAD_FROM 10002 9
[12345<-58729] LOAD F1(4).txt
[12345->58732] LOAD_FROM 10002 9
[12345->58728] LOAD_FROM 10002 9
[12345->58733] LOAD_FROM 10002 2657490
[12345<-58731] LOAD F1(6).txt
[12345<-58734] LOAD F1(6).txt
[12345<-58732] LOAD F1(3).txt
[12345<-58727] LOAD F1(6).txt
[12345->58736] LOAD_FROM 10002 9
[12345->58735] LOAD_FROM 10002 9
[12345<-58728] LOAD F1(3).txt
[12345<-58733] REMOVE daAdult.txt
[12345<-58735] LOAD F1(6).txt
[12345->58729] LOAD_FROM 10002 18
[12345<-58736] LOAD F1(3).txt
[12345->58732] LOAD_FROM 10002 2657490
[12345->58734] LOAD_FROM 10002 9
[12345<-58729] LOAD sonofabeach.txt
[12345<-58733] REMOVE
[12345->58728] LOAD_FROM 10002 2657490
[12345<-58734] LOAD F1(3).txt
[12345->58731] LOAD_FROM 10002 9
[12345->58722] REMOVE daAdult.txt
[12345->58735] LOAD_FROM 10002 9
[12345<-58732] LOAD dababy.txt
[12345<-58722] REMOVE_ACK daAdult.txt
[12345<-58728] LOAD dababy.txt
[12345->58736] LOAD_FROM 10002 2657490
[12345->58729] LOAD_FROM 10002 13
[12345->58721] REMOVE daAdult.txt
[12345<-58721] REMOVE_ACK daAdult.txt
[12345<-58735] LOAD F1(3).txt
[12345->58727] LOAD_FROM 10002 9
[12345<-58722] REMOVE_ACK
[12345->58734] LOAD_FROM 10002 2657490
[12345<-58729] LOAD bazinga_2.txt
[12345->58732] LOAD_FROM 10002 15
[12345<-58731] LOAD F1(3).txt
[12345<-58736] LOAD dababy.txt
[12345->58728] LOAD_FROM 10002 15
[12345->58735] LOAD_FROM 10002 2657490
[12345<-58734] LOAD dababy.txt
[12345<-58721] REMOVE_ACK
[12345<-58732] LOAD DA_dSTORE_1.txt
[12345->58729] LOAD_FROM 10002 12
[12345<-58727] LOAD F1(3).txt
[12345->58736] LOAD_FROM 10002 15
[12345->58733] REMOVE_COMPLETE
[12345<-58728] LOAD DA_dSTORE_1.txt
[12345->58731] LOAD_FROM 10002 2657490
[12345<-58735] LOAD dababy.txt
[12345<-58729] LOAD F1(7).txt
[12345->58734] LOAD_FROM 10002 15
[12345<-58733] REMOVE bazinga_2.txt
[12345<-58736] LOAD DA_dSTORE_1.txt
[12345->58728] LOAD_FROM 10002 2657490
[12345<-58733] REMOVE
[12345<-58734] LOAD DA_dSTORE_1.txt
[12345<-58731] LOAD dababy.txt
[12345->58735] LOAD_FROM 10002 15
[12345->58722] REMOVE bazinga_2.txt
[12345<-58728] REMOVE F1(6).txt
[12345->58736] LOAD_FROM 10002 2657490
[12345->58732] LOAD_FROM 10002 2657490
[12345<-58722] REMOVE_ACK bazinga_2.txt
[12345->58721] REMOVE bazinga_2.txt
[12345->58729] LOAD_FROM 10002 13
[12345->58727] LOAD_FROM 10002 2657490
[12345<-58735] LOAD DA_dSTORE_1.txt
[12345<-58721] REMOVE_ACK bazinga_2.txt
[12345->58734] LOAD_FROM 10002 2657490
[12345<-58728] REMOVE
[12345<-58736] REMOVE F1(5).txt
[12345->58731] LOAD_FROM 10002 15
[12345<-58722] REMOVE_ACK
[12345->58722] REMOVE F1(6).txt
[12345<-58729] LOAD less_go.txt
[12345<-58732] REMOVE F1(2).txt
[12345->58721] REMOVE F1(6).txt
[12345<-58721] REMOVE_ACK
[12345<-58736] REMOVE
[12345->58735] LOAD_FROM 10002 2657490
[12345<-58722] REMOVE_ACK F1(6).txt
[12345<-58727] LOAD dababy.txt
[12345<-58734] REMOVE F1(4).txt
[12345->58733] REMOVE_COMPLETE
[12345<-58721] REMOVE_ACK F1(6).txt
[12345->58722] REMOVE F1(5).txt
[12345<-58731] LOAD DA_dSTORE_1.txt
[12345->58721] REMOVE F1(5).txt
[12345->58729] LOAD_FROM 10002 9
[12345<-58735] REMOVE F1(4).txt
[12345<-58732] REMOVE
[12345<-58734] REMOVE
[12345->58727] LOAD_FROM 10002 15
[12345<-58722] REMOVE_ACK
[12345<-58733] REMOVE daAdult.txt
[12345<-58729] LOAD F1(6).txt
[12345<-58721] REMOVE_ACK
[12345<-58735] REMOVE
[12345<-58727] LOAD DA_dSTORE_1.txt
[12345->58722] REMOVE F1(4).txt
[12345<-58722] REMOVE_ACK F1(5).txt
[12345<-58733] REMOVE
[12345->58728] REMOVE_COMPLETE
[12345<-58721] REMOVE_ACK F1(5).txt
[12345->58721] REMOVE F1(4).txt
[12345->58722] REMOVE F1(2).txt
[12345<-58722] REMOVE_ACK
[12345->58721] REMOVE F1(2).txt
[12345->58733] ERROR_FILE_DOES_NOT_EXIST
[12345->58727] LOAD_FROM 10002 2657490
[12345<-58728] REMOVE F1(3).txt
[12345<-58721] REMOVE_ACK
[12345<-58722] REMOVE_ACK F1(4).txt
[12345->58735] ERROR_FILE_DOES_NOT_EXIST
[12345->58729] ERROR_FILE_DOES_NOT_EXIST
[12345->58731] LOAD_FROM 10002 2657490
[12345<-58733] LIST
[12345<-58728] REMOVE
[12345<-58729] LOAD F1(3).txt
[12345<-58727] REMOVE bazinga_2.txt
[12345<-58722] REMOVE_ACK
[12345->58722] REMOVE F1(3).txt
[12345->58736] REMOVE_COMPLETE
[12345<-58735] REMOVE F1(5).txt
[12345->58721] REMOVE F1(3).txt
[12345<-58731] REMOVE daAdult.txt
[12345<-58722] REMOVE_ACK F1(2).txt
[12345->58729] ERROR_FILE_DOES_NOT_EXIST
[12345<-58736] REMOVE dababy.txt
[12345<-58721] REMOVE_ACK F1(4).txt
[12345<-58735] REMOVE
[12345<-58729] LOAD dababy.txt
[12345<-58727] REMOVE
[12345<-58731] REMOVE
[12345<-58736] REMOVE
[12345->58735] ERROR_FILE_DOES_NOT_EXIST
[12345<-58722] REMOVE_ACK
[12345->58733] LIST da_COURSEWORK_3.txt sonofabeach.txt F1(7).txt less_go.txt dababy.txt DA_dSTORE_1.txt
[12345->58727] ERROR_FILE_DOES_NOT_EXIST
[12345<-58735] REMOVE F1(3).txt
[12345<-58722] REMOVE_ACK F1(3).txt
[12345<-58721] REMOVE_ACK
[12345->58731] ERROR_FILE_DOES_NOT_EXIST
[12345<-58735] REMOVE
[12345<-58727] REMOVE F1(3).txt
[12345<-58733] null
[12345<-58722] REMOVE_ACK
[12345->58729] LOAD_FROM 10002 15
[12345->58722] REMOVE dababy.txt
[12345<-58731] REMOVE DA_dSTORE_1.txt
[12345<-58727] REMOVE
[12345<-58722] REMOVE_ACK dababy.txt
[12345->58721] REMOVE dababy.txt
[12345->58735] ERROR_FILE_DOES_NOT_EXIST
[12345->58734] REMOVE_COMPLETE
[12345<-58721] REMOVE_ACK F1(2).txt
[12345<-58729] RELOAD dababy.txt
[12345<-58731] REMOVE
[12345<-58735] LIST
[12345->58727] ERROR_FILE_DOES_NOT_EXIST
[12345<-58734] REMOVE dababy.txt
[12345<-58722] REMOVE_ACK
[12345->58722] REMOVE DA_dSTORE_1.txt
[12345<-58727] REMOVE F1(5).txt
[12345->58729] ERROR_FILE_DOES_NOT_EXIST
[12345<-58734] REMOVE
[12345->58721] REMOVE DA_dSTORE_1.txt
[12345<-58722] REMOVE_ACK DA_dSTORE_1.txt
[12345<-58727] REMOVE
[12345->58734] ERROR_FILE_DOES_NOT_EXIST
[12345<-58729] LOAD DA_dSTORE_1.txt
[12345<-58721] REMOVE_ACK
[12345<-58734] REMOVE da_COURSEWORK_3.txt
[12345<-58722] REMOVE_ACK
[12345->58727] ERROR_FILE_DOES_NOT_EXIST
[12345->58729] ERROR_FILE_DOES_NOT_EXIST
[12345<-58734] REMOVE
[12345<-58727] LIST
[12345->58732] REMOVE_COMPLETE
[12345<-58721] REMOVE_ACK F1(3).txt
[12345->58722] REMOVE da_COURSEWORK_3.txt
[12345<-58729] REMOVE F1(6).txt
[12345<-58722] REMOVE_ACK da_COURSEWORK_3.txt
[12345->58721] REMOVE da_COURSEWORK_3.txt
[12345<-58732] REMOVE F1(2).txt
[12345<-58729] REMOVE
[12345<-58722] REMOVE_ACK
[12345<-58732] REMOVE
[12345->58727] LIST sonofabeach.txt F1(7).txt less_go.txt
[12345->58729] ERROR_FILE_DOES_NOT_EXIST
[12345->58735] LIST sonofabeach.txt F1(7).txt less_go.txt
[12345<-58721] REMOVE_ACK
[12345->58732] ERROR_FILE_DOES_NOT_EXIST
[12345<-58727] null
[12345<-58729] REMOVE F1(7).txt
[12345<-58735] null
[12345->58728] REMOVE_COMPLETE
[12345<-58721] REMOVE_ACK dababy.txt
[12345<-58729] REMOVE
[12345<-58732] REMOVE F1(7).txt
[12345<-58728] REMOVE bazinga_2.txt
[12345->58722] REMOVE F1(7).txt
[12345<-58732] REMOVE
[12345->58721] REMOVE F1(7).txt
[12345<-58728] REMOVE
[12345<-58722] REMOVE_ACK F1(7).txt
[12345->58728] ERROR_FILE_DOES_NOT_EXIST
[12345<-58721] REMOVE_ACK
[12345<-58722] REMOVE_ACK
[12345->58732] ERROR_FILE_DOES_NOT_EXIST
[12345<-58728] LIST
[12345->58736] REMOVE_COMPLETE
[12345<-58721] REMOVE_ACK DA_dSTORE_1.txt
[12345<-58732] LIST
[12345<-58736] REMOVE da_COURSEWORK_3.txt
[12345<-58736] REMOVE
[12345->58736] ERROR_FILE_DOES_NOT_EXIST
[12345<-58721] REMOVE_ACK
[12345->58732] LIST sonofabeach.txt less_go.txt
[12345->58728] LIST sonofabeach.txt less_go.txt
[12345->58731] REMOVE_COMPLETE
[12345<-58732] null
[12345<-58721] REMOVE_ACK da_COURSEWORK_3.txt
[12345<-58736] LIST
[12345<-58731] REMOVE da_COURSEWORK_3.txt
[12345<-58728] null
[12345<-58731] REMOVE
[12345->58731] ERROR_FILE_DOES_NOT_EXIST
[12345->58736] LIST sonofabeach.txt less_go.txt
[12345<-58721] REMOVE_ACK
[12345<-58736] null
[12345<-58721] REMOVE_ACK F1(7).txt
[12345<-58731] LIST
[12345->58734] REMOVE_COMPLETE
[12345->58731] LIST sonofabeach.txt less_go.txt
[12345<-58734] LIST
[12345<-58721] REMOVE_ACK
[12345<-58731] null
[12345->58729] REMOVE_COMPLETE
[12345->58734] LIST sonofabeach.txt less_go.txt
[12345<-58729] REMOVE F1(6).txt
[12345<-58734] null
[12345<-58729] REMOVE
[12345->58729] ERROR_FILE_DOES_NOT_EXIST
[12345<-58729] LIST
[12345->58729] LIST sonofabeach.txt less_go.txt
[12345<-58729] null
