[58616->12345] JOIN 10002
[10002<-58619] STORE less_go.txt 9
[10002->58619] ACK
[58616->12345] STORE_ACK less_go.txt
[10002<-58620] STORE da_COURSEWORK_3.txt 1217
[10002->58620] ACK
[58616->12345] STORE_ACK da_COURSEWORK_3.txt
[10002<-58623] STORE dababy.txt 15
[10002->58623] ACK
[58616->12345] STORE_ACK dababy.txt
[10002<-58625] STORE F1(1).txt 12
[10002->58625] ACK
[58616->12345] STORE_ACK F1(1).txt
[10002<-58627] STORE F1(5).txt 15
[10002->58627] ACK
[58616->12345] STORE_ACK F1(5).txt
[10002<-58629] STORE F1(2).txt 1217
[10002->58629] ACK
[58616->12345] STORE_ACK F1(2).txt
[10002<-58631] STORE F1(7).txt 13
[10002->58631] ACK
[58616->12345] STORE_ACK F1(7).txt
[10002<-58633] STORE F1(4).txt 18
[10002->58633] ACK
[58616->12345] STORE_ACK F1(4).txt
[10002<-58635] LOAD_DATA less_go.txt
[10002<-58636] LOAD_DATA less_go.txt
[10002<-58637] LOAD_DATA F1(5).txt
[10002<-58638] LOAD_DATA F1(5).txt
[10002<-58639] LOAD_DATA F1(2).txt
[10002<-58640] LOAD_DATA F1(2).txt
[10002<-58641] LOAD_DATA da_COURSEWORK_3.txt
[10002<-58642] LOAD_DATA da_COURSEWORK_3.txt
[10002<-58643] LOAD_DATA F1(1).txt
[10002<-58644] LOAD_DATA F1(1).txt
[10002<-58645] LOAD_DATA F1(4).txt
[10002<-58646] LOAD_DATA F1(4).txt
[10002<-58647] LOAD_DATA dababy.txt
[10002<-58648] LOAD_DATA dababy.txt
[10002<-58649] LOAD_DATA F1(7).txt
[10002<-58650] LOAD_DATA F1(7).txt
[58616<-12345] REMOVE F1(5).txt
[58616->12345] REMOVE_ACK F1(5).txt
[58616<-12345] REMOVE F1(7).txt
[58616->12345] REMOVE_ACK F1(7).txt
