[58721->12345] JOIN 10001
[10001<-58738] STORE da_COURSEWORK_3.txt 1217
[10001->58738] ACK
[58721->12345] STORE_ACK da_COURSEWORK_3.txt
[10001<-58743] STORE F1(4).txt 18
[10001->58743] ACK
[58721->12345] STORE_ACK F1(4).txt
[10001<-58744] STORE sonofabeach.txt 13
[10001->58744] ACK
[58721->12345] STORE_ACK sonofabeach.txt
[10001<-58746] STORE F1(1).txt 12
[10001->58746] ACK
[58721->12345] STORE_ACK F1(1).txt
[10001<-58749] STORE DA_dSTORE_1.txt 2657490
[10001->58749] ACK
[58721->12345] STORE_ACK DA_dSTORE_1.txt
[10001<-58751] STORE F1(7).txt 13
[10001->58751] ACK
[58721->12345] STORE_ACK F1(7).txt
[10001<-58752] STORE daAdult.txt 18
[10001->58752] ACK
[58721->12345] STORE_ACK daAdult.txt
[10001<-58754] STORE bazinga_2.txt 12
[10001->58754] ACK
[58721->12345] STORE_ACK bazinga_2.txt
[10001<-58755] STORE F1(6).txt 9
[10001->58755] ACK
[58721->12345] STORE_ACK F1(6).txt
[10001<-58757] STORE F1(3).txt 2657490
[10001->58757] ACK
[58721->12345] STORE_ACK F1(3).txt
[10001<-58760] STORE dababy.txt 15
[10001->58760] ACK
[58721->12345] STORE_ACK dababy.txt
[10001<-58761] STORE less_go.txt 9
[10001->58761] ACK
[58721->12345] STORE_ACK less_go.txt
[10001<-58762] STORE F1(5).txt 15
[10001->58762] ACK
[58721->12345] STORE_ACK F1(5).txt
[10001<-58764] STORE F1(2).txt 1217
[10001->58764] ACK
[58721->12345] STORE_ACK F1(2).txt
[58721<-12345] REMOVE F1(1).txt
[58721->12345] REMOVE_ACK F1(1).txt
[58721<-12345] REMOVE daAdult.txt
[58721->12345] REMOVE_ACK daAdult.txt
[58721<-12345] REMOVE bazinga_2.txt
[58721->12345] REMOVE_ACK bazinga_2.txt
[58721<-12345] REMOVE F1(6).txt
[58721->12345] REMOVE_ACK F1(6).txt
[58721<-12345] REMOVE F1(5).txt
[58721->12345] REMOVE_ACK F1(5).txt
[58721<-12345] REMOVE F1(4).txt
[58721->12345] REMOVE_ACK F1(4).txt
[58721<-12345] REMOVE F1(2).txt
[58721->12345] REMOVE_ACK F1(2).txt
[58721<-12345] REMOVE F1(3).txt
[58721->12345] REMOVE_ACK F1(3).txt
[58721<-12345] REMOVE dababy.txt
[58721->12345] REMOVE_ACK dababy.txt
[58721<-12345] REMOVE DA_dSTORE_1.txt
[58721->12345] REMOVE_ACK DA_dSTORE_1.txt
[58721<-12345] REMOVE da_COURSEWORK_3.txt
[58721->12345] REMOVE_ACK da_COURSEWORK_3.txt
[58721<-12345] REMOVE F1(7).txt
[58721->12345] REMOVE_ACK F1(7).txt
