[58568->12345] JOIN 10002
[10002<-58571] STORE F1(1).txt 12
[10002->58571] ACK
[58568->12345] STORE_ACK F1(1).txt
[10002<-58573] STORE daAdult.txt 18
[10002->58573] ACK
[58568->12345] STORE_ACK daAdult.txt
[10002<-58575] STORE F1(3).txt 2657490
[10002->58575] ACK
[58568->12345] STORE_ACK F1(3).txt
[10002<-58577] STORE dababy.txt 15
[10002->58577] ACK
[58568->12345] STORE_ACK dababy.txt
[10002<-58579] LOAD_DATA daAdult.txt
[10002<-58580] LOAD_DATA F1(1).txt
[10002<-58581] LOAD_DATA F1(3).txt
[10002<-58582] LOAD_DATA dababy.txt
[58568<-12345] REMOVE dababy.txt
[58568->12345] REMOVE_ACK dababy.txt
[58568<-12345] REMOVE daAdult.txt
[58568->12345] REMOVE_ACK daAdult.txt
