[58722->12345] JOIN 10002
[10002<-58737] STORE da_COURSEWORK_3.txt 1217
[10002->58737] ACK
[58722->12345] STORE_ACK da_COURSEWORK_3.txt
[10002<-58739] STORE F1(4).txt 18
[10002->58739] ACK
[58722->12345] STORE_ACK F1(4).txt
[10002<-58740] STORE sonofabeach.txt 13
[10002->58740] ACK
[58722->12345] STORE_ACK sonofabeach.txt
[10002<-58741] STORE F1(1).txt 12
[10002->58741] ACK
[58722->12345] STORE_ACK F1(1).txt
[10002<-58742] STORE DA_dSTORE_1.txt 2657490
[10002->58742] ACK
[58722->12345] STORE_ACK DA_dSTORE_1.txt
[10002<-58745] STORE F1(7).txt 13
[10002->58745] ACK
[58722->12345] STORE_ACK F1(7).txt
[10002<-58747] STORE daAdult.txt 18
[10002->58747] ACK
[58722->12345] STORE_ACK daAdult.txt
[10002<-58748] STORE bazinga_2.txt 12
[10002->58748] ACK
[58722->12345] STORE_ACK bazinga_2.txt
[10002<-58750] STORE F1(6).txt 9
[10002->58750] ACK
[58722->12345] STORE_ACK F1(6).txt
[10002<-58753] STORE F1(3).txt 2657490
[10002->58753] ACK
[58722->12345] STORE_ACK F1(3).txt
[10002<-58756] STORE dababy.txt 15
[10002->58756] ACK
[58722->12345] STORE_ACK dababy.txt
[10002<-58758] STORE less_go.txt 9
[10002->58758] ACK
[58722->12345] STORE_ACK less_go.txt
[10002<-58759] STORE F1(5).txt 15
[10002->58759] ACK
[58722->12345] STORE_ACK F1(5).txt
[10002<-58763] STORE F1(2).txt 1217
[10002->58763] ACK
[58722->12345] STORE_ACK F1(2).txt
[10002<-58765] LOAD_DATA daAdult.txt
[10002<-58766] LOAD_DATA da_COURSEWORK_3.txt
[10002<-58767] LOAD_DATA F1(1).txt
[10002<-58768] LOAD_DATA F1(4).txt
[10002<-58769] LOAD_DATA F1(5).txt
[10002<-58770] LOAD_DATA sonofabeach.txt
[10002<-58771] LOAD_DATA daAdult.txt
[10002<-58772] LOAD_DATA F1(5).txt
[10002<-58773] LOAD_DATA F1(5).txt
[10002<-58774] LOAD_DATA F1(5).txt
[10002<-58775] LOAD_DATA F1(7).txt
[10002<-58776] LOAD_DATA F1(5).txt
[10002<-58777] LOAD_DATA da_COURSEWORK_3.txt
[10002<-58778] LOAD_DATA daAdult.txt
[10002<-58779] LOAD_DATA daAdult.txt
[10002<-58780] LOAD_DATA daAdult.txt
[10002<-58781] LOAD_DATA F1(5).txt
[10002<-58782] LOAD_DATA DA_dSTORE_1.txt
[10002<-58783] LOAD_DATA F1(2).txt
[10002<-58784] LOAD_DATA F1(1).txt
[10002<-58785] LOAD_DATA daAdult.txt
[10002<-58786] LOAD_DATA F1(2).txt
[10002<-58787] LOAD_DATA F1(2).txt
[10002<-58788] LOAD_DATA daAdult.txt
[10002<-58790] LOAD_DATA F1(5).txt
[10002<-58789] LOAD_DATA F1(5).txt
[58722<-12345] REMOVE F1(1).txt
[58722->12345] REMOVE_ACK F1(1).txt
[10002<-58791] LOAD_DATA da_COURSEWORK_3.txt
[10002<-58792] LOAD_DATA F1(4).txt
[10002<-58793] LOAD_DATA F1(2).txt
[10002<-58794] LOAD_DATA da_COURSEWORK_3.txt
[10002<-58795] LOAD_DATA daAdult.txt
[10002<-58796] LOAD_DATA da_COURSEWORK_3.txt
[10002<-58797] LOAD_DATA F1(2).txt
[10002<-58798] LOAD_DATA sonofabeach.txt
[10002<-58799] LOAD_DATA da_COURSEWORK_3.txt
[10002<-58800] LOAD_DATA daAdult.txt
[10002<-58801] LOAD_DATA F1(2).txt
[10002<-58802] LOAD_DATA F1(4).txt
[10002<-58803] LOAD_DATA da_COURSEWORK_3.txt
[10002<-58804] LOAD_DATA bazinga_2.txt
[10002<-58805] LOAD_DATA F1(4).txt
[10002<-58806] LOAD_DATA da_COURSEWORK_3.txt
[10002<-58807] LOAD_DATA F1(4).txt
[10002<-58808] LOAD_DATA F1(4).txt
[10002<-58809] LOAD_DATA F1(2).txt
[10002<-58810] LOAD_DATA sonofabeach.txt
[10002<-58811] LOAD_DATA F1(7).txt
[10002<-58812] LOAD_DATA sonofabeach.txt
[10002<-58813] LOAD_DATA da_COURSEWORK_3.txt
[10002<-58814] LOAD_DATA sonofabeach.txt
[10002<-58815] LOAD_DATA F1(4).txt
[10002<-58816] LOAD_DATA sonofabeach.txt
[10002<-58817] LOAD_DATA F1(4).txt
[10002<-58818] LOAD_DATA less_go.txt
[10002<-58819] LOAD_DATA bazinga_2.txt
[10002<-58820] LOAD_DATA sonofabeach.txt
[10002<-58821] LOAD_DATA bazinga_2.txt
[10002<-58822] LOAD_DATA sonofabeach.txt
[10002<-58823] LOAD_DATA bazinga_2.txt
[10002<-58824] LOAD_DATA F1(4).txt
[10002<-58825] LOAD_DATA bazinga_2.txt
[10002<-58826] LOAD_DATA F1(5).txt
[10002<-58827] LOAD_DATA F1(6).txt
[10002<-58828] LOAD_DATA bazinga_2.txt
[10002<-58829] LOAD_DATA sonofabeach.txt
[10002<-58830] LOAD_DATA F1(7).txt
[10002<-58831] LOAD_DATA bazinga_2.txt
[10002<-58832] LOAD_DATA daAdult.txt
[10002<-58833] LOAD_DATA F1(7).txt
[10002<-58834] LOAD_DATA F1(7).txt
[10002<-58836] LOAD_DATA F1(7).txt
[10002<-58835] LOAD_DATA F1(3).txt
[10002<-58837] LOAD_DATA F1(7).txt
[10002<-58838] LOAD_DATA bazinga_2.txt
[10002<-58839] LOAD_DATA F1(2).txt
[10002<-58840] LOAD_DATA F1(7).txt
[10002<-58841] LOAD_DATA less_go.txt
[10002<-58842] LOAD_DATA dababy.txt
[10002<-58843] LOAD_DATA less_go.txt
[10002<-58844] LOAD_DATA less_go.txt
[10002<-58845] LOAD_DATA F1(7).txt
[10002<-58846] LOAD_DATA less_go.txt
[10002<-58847] LOAD_DATA da_COURSEWORK_3.txt
[10002<-58848] LOAD_DATA less_go.txt
[10002<-58849] LOAD_DATA less_go.txt
[10002<-58850] LOAD_DATA F1(6).txt
[10002<-58851] LOAD_DATA DA_dSTORE_1.txt
[10002<-58852] LOAD_DATA F1(6).txt
[10002<-58853] LOAD_DATA F1(6).txt
[10002<-58854] LOAD_DATA less_go.txt
[10002<-58855] LOAD_DATA F1(4).txt
[10002<-58856] LOAD_DATA F1(6).txt
[10002<-58857] LOAD_DATA F1(3).txt
[10002<-58858] LOAD_DATA F1(3).txt
[58722<-12345] REMOVE daAdult.txt
[10002<-58859] LOAD_DATA F1(6).txt
[58722->12345] REMOVE_ACK daAdult.txt
[10002<-58860] LOAD_DATA F1(6).txt
[10002<-58861] LOAD_DATA sonofabeach.txt
[10002<-58862] LOAD_DATA F1(3).txt
[10002<-58863] LOAD_DATA F1(6).txt
[10002<-58864] LOAD_DATA F1(3).txt
[10002<-58865] LOAD_DATA dababy.txt
[10002<-58866] LOAD_DATA dababy.txt
[10002<-58867] LOAD_DATA F1(3).txt
[10002<-58868] LOAD_DATA bazinga_2.txt
[10002<-58869] LOAD_DATA dababy.txt
[10002<-58870] LOAD_DATA F1(3).txt
[10002<-58871] LOAD_DATA dababy.txt
[10002<-58872] LOAD_DATA DA_dSTORE_1.txt
[10002<-58873] LOAD_DATA dababy.txt
[58722<-12345] REMOVE bazinga_2.txt
[58722->12345] REMOVE_ACK bazinga_2.txt
[10002<-58874] LOAD_DATA DA_dSTORE_1.txt
[10002<-58875] LOAD_DATA DA_dSTORE_1.txt
[10002<-58876] LOAD_DATA F1(7).txt
[10002<-58877] LOAD_DATA F1(3).txt
[10002<-58878] LOAD_DATA DA_dSTORE_1.txt
[58722<-12345] REMOVE F1(6).txt
[58722->12345] REMOVE_ACK F1(6).txt
[10002<-58879] LOAD_DATA dababy.txt
[10002<-58880] LOAD_DATA DA_dSTORE_1.txt
[58722<-12345] REMOVE F1(5).txt
[58722->12345] REMOVE_ACK F1(5).txt
[10002<-58881] LOAD_DATA less_go.txt
[10002<-58882] LOAD_DATA dababy.txt
[58722<-12345] REMOVE F1(4).txt
[58722->12345] REMOVE_ACK F1(4).txt
[58722<-12345] REMOVE F1(2).txt
[58722->12345] REMOVE_ACK F1(2).txt
[10002<-58883] LOAD_DATA DA_dSTORE_1.txt
[10002<-58884] LOAD_DATA DA_dSTORE_1.txt
[58722<-12345] REMOVE F1(3).txt
[58722->12345] REMOVE_ACK F1(3).txt
[58722<-12345] REMOVE dababy.txt
[10002<-58885] LOAD_DATA dababy.txt
[58722->12345] REMOVE_ACK dababy.txt
[58722<-12345] REMOVE DA_dSTORE_1.txt
[58722->12345] REMOVE_ACK DA_dSTORE_1.txt
[58722<-12345] REMOVE da_COURSEWORK_3.txt
[58722->12345] REMOVE_ACK da_COURSEWORK_3.txt
[58722<-12345] REMOVE F1(7).txt
[58722->12345] REMOVE_ACK F1(7).txt
